<?xml version="1.0" encoding="UTF-8"?>
<robot generator="Robot 5.0.1 (Python 3.10.7 on win32)" generated="20221008 13:25:15.663" rpa="false" schemaversion="3">
<suite id="s1" name="Testsite" source="C:\Users\Sandra Mitsue\Desktop\primeirorobo\Tests\testsite.robot">
<test id="s1-t1" name="Caso de Teste 01: Pesquisar produto existente" line="7">
<kw name="Abrir navegador" library="Resource" type="SETUP">
<kw name="Open Browser" library="SeleniumLibrary">
<arg>about:blank</arg>
<arg>${BROWSER}</arg>
<doc>Opens a new browser instance to the optional ``url``.</doc>
<msg timestamp="20221008 13:25:16.141" level="INFO">Opening browser 'chrome' to base url 'about:blank'.</msg>
<status status="PASS" starttime="20221008 13:25:16.140" endtime="20221008 13:25:17.954"/>
</kw>
<status status="PASS" starttime="20221008 13:25:16.139" endtime="20221008 13:25:17.956"/>
</kw>
<kw name="Acessar página home do site" library="Resource">
<kw name="Go To" library="SeleniumLibrary">
<arg>${URL}</arg>
<doc>Navigates the current browser window to the provided ``url``.</doc>
<msg timestamp="20221008 13:25:17.962" level="INFO">Opening url 'https://www.amazon.com.br/'</msg>
<status status="PASS" starttime="20221008 13:25:17.961" endtime="20221008 13:25:20.503"/>
</kw>
<kw name="Wait Until Element Is Visible" library="SeleniumLibrary">
<arg>//*[@id="nav-logo-sprites"]</arg>
<doc>Waits until the element ``locator`` is visible.</doc>
<status status="PASS" starttime="20221008 13:25:20.503" endtime="20221008 13:25:20.743"/>
</kw>
<status status="PASS" starttime="20221008 13:25:17.959" endtime="20221008 13:25:20.743"/>
</kw>
<kw name="Digitar o nome do produto &quot;Sandra Mitsue&quot; no campo de pesquisa" library="Resource">
<kw name="Input Text" library="SeleniumLibrary">
<arg>//*[@id="twotabsearchtextbox"]</arg>
<arg>Sandra Mitsue</arg>
<doc>Types the given ``text`` into the text field identified by ``locator``.</doc>
<msg timestamp="20221008 13:25:20.746" level="INFO">Typing text 'Sandra Mitsue' into text field '//*[@id="twotabsearchtextbox"]'.</msg>
<status status="PASS" starttime="20221008 13:25:20.745" endtime="20221008 13:25:21.093"/>
</kw>
<status status="PASS" starttime="20221008 13:25:20.744" endtime="20221008 13:25:21.093"/>
</kw>
<kw name="Clicar no botão pesquisar" library="Resource">
<kw name="Click Element" library="SeleniumLibrary">
<arg>//*[@id="nav-search-submit-button"]</arg>
<doc>Click the element identified by ``locator``.</doc>
<msg timestamp="20221008 13:25:21.095" level="INFO">Clicking element '//*[@id="nav-search-submit-button"]'.</msg>
<status status="PASS" starttime="20221008 13:25:21.095" endtime="20221008 13:25:21.331"/>
</kw>
<status status="PASS" starttime="20221008 13:25:21.094" endtime="20221008 13:25:21.332"/>
</kw>
<kw name="Conferir se o produto &quot;Sandra Mitsue&quot; foi listado no site" library="Resource">
<kw name="Wait Until Element Is Visible" library="SeleniumLibrary">
<arg>//*[@id="search"]/div[1]/div[1]/div/span[3]/div[2]/div[2]/div/div/div/div/div[2]/div[1]/h2/a/span</arg>
<doc>Waits until the element ``locator`` is visible.</doc>
<status status="PASS" starttime="20221008 13:25:21.339" endtime="20221008 13:25:23.339"/>
</kw>
<kw name="Sleep" library="BuiltIn">
<arg>8</arg>
<doc>Pauses the test executed for the given time.</doc>
<msg timestamp="20221008 13:25:31.348" level="INFO">Slept 8 seconds</msg>
<status status="PASS" starttime="20221008 13:25:23.339" endtime="20221008 13:25:31.348"/>
</kw>
<status status="PASS" starttime="20221008 13:25:21.338" endtime="20221008 13:25:31.348"/>
</kw>
<kw name="Fechar navegador" library="Resource" type="TEARDOWN">
<kw name="Close Browser" library="SeleniumLibrary">
<doc>Closes the current browser.</doc>
<status status="PASS" starttime="20221008 13:25:31.348" endtime="20221008 13:25:33.712"/>
</kw>
<status status="PASS" starttime="20221008 13:25:31.348" endtime="20221008 13:25:33.712"/>
</kw>
<status status="PASS" starttime="20221008 13:25:16.138" endtime="20221008 13:25:33.712"/>
</test>
<status status="PASS" starttime="20221008 13:25:15.679" endtime="20221008 13:25:33.721"/>
</suite>
<statistics>
<total>
<stat pass="1" fail="0" skip="0">All Tests</stat>
</total>
<tag>
</tag>
<suite>
<stat pass="1" fail="0" skip="0" id="s1" name="Testsite">Testsite</stat>
</suite>
</statistics>
<errors>
</errors>
</robot>
